# JRE version: Java(TM) SE Runtime Environment (8.0_121-b13) (build 1.8.0_121-b13)
# Java VM: Java HotSpot(TM) 64-Bit Server VM (25.121-b13 mixed mode bsd-amd64 compressed oops)
Heap:
 PSYoungGen      total 166400K, used 82242K [0x00000007aab00000, 0x00000007b6f00000, 0x00000007c0000000)
  eden space 136192K, 60% used [0x00000007aab00000,0x00000007afb40930,0x00000007b3000000)
  from space 30208K, 0% used [0x00000007b5180000,0x00000007b5190000,0x00000007b6f00000)
  to   space 32256K, 0% used [0x00000007b3000000,0x00000007b3000000,0x00000007b4f80000)
 ParOldGen       total 644608K, used 456040K [0x0000000780000000, 0x00000007a7580000, 0x00000007aab00000)
  object space 644608K, 70% used [0x0000000780000000,0x000000079bd5a2c0,0x00000007a7580000)
 Metaspace       used 58383K, capacity 60786K, committed 61080K, reserved 1101824K
  class space    used 7605K, capacity 8013K, committed 8088K, reserved 1048576K
GC Heap History (10 events):
Event: 290.355 GC heap before
{Heap before GC invocations=155 (full 15):
 PSYoungGen      total 130048K, used 129600K [0x00000007aab00000, 0x00000007b8500000, 0x00000007c0000000)
  eden space 129536K, 100% used [0x00000007aab00000,0x00000007b2980000,0x00000007b2980000)
  from space 512K, 12% used [0x00000007b2980000,0x00000007b2990000,0x00000007b2a00000)
  to   space 46080K, 0% used [0x00000007b5800000,0x00000007b5800000,0x00000007b8500000)
 ParOldGen       total 644608K, used 456000K [0x0000000780000000, 0x00000007a7580000, 0x00000007aab00000)
  object space 644608K, 70% used [0x0000000780000000,0x000000079bd502c0,0x00000007a7580000)
 Metaspace       used 58289K, capacity 60744K, committed 61080K, reserved 1101824K
  class space    used 7591K, capacity 8005K, committed 8088K, reserved 1048576K
Event: 290.485 GC heap after
Heap after GC invocations=155 (full 15):
 PSYoungGen      total 174080K, used 64K [0x00000007aab00000, 0x00000007b8080000, 0x00000007c0000000)
  eden space 132608K, 0% used [0x00000007aab00000,0x00000007aab00000,0x00000007b2c80000)
  from space 41472K, 0% used [0x00000007b5800000,0x00000007b5810000,0x00000007b8080000)
  to   space 43008K, 0% used [0x00000007b2c80000,0x00000007b2c80000,0x00000007b5680000)
 ParOldGen       total 644608K, used 456008K [0x0000000780000000, 0x00000007a7580000, 0x00000007aab00000)
  object space 644608K, 70% used [0x0000000780000000,0x000000079bd522c0,0x00000007a7580000)
 Metaspace       used 58289K, capacity 60744K, committed 61080K, reserved 1101824K
  class space    used 7591K, capacity 8005K, committed 8088K, reserved 1048576K
}
Event: 292.746 GC heap before
{Heap before GC invocations=156 (full 15):
 PSYoungGen      total 174080K, used 132672K [0x00000007aab00000, 0x00000007b8080000, 0x00000007c0000000)
  eden space 132608K, 100% used [0x00000007aab00000,0x00000007b2c80000,0x00000007b2c80000)
  from space 41472K, 0% used [0x00000007b5800000,0x00000007b5810000,0x00000007b8080000)
  to   space 43008K, 0% used [0x00000007b2c80000,0x00000007b2c80000,0x00000007b5680000)
 ParOldGen       total 644608K, used 456008K [0x0000000780000000, 0x00000007a7580000, 0x00000007aab00000)
  object space 644608K, 70% used [0x0000000780000000,0x000000079bd522c0,0x00000007a7580000)
 Metaspace       used 58289K, capacity 60744K, committed 61080K, reserved 1101824K
  class space    used 7591K, capacity 8005K, committed 8088K, reserved 1048576K
Event: 292.752 GC heap after
Heap after GC invocations=156 (full 15):
 PSYoungGen      total 133120K, used 32K [0x00000007aab00000, 0x00000007b7d00000, 0x00000007c0000000)
  eden space 132608K, 0% used [0x00000007aab00000,0x00000007aab00000,0x00000007b2c80000)
  from space 512K, 6% used [0x00000007b2c80000,0x00000007b2c88000,0x00000007b2d00000)
  to   space 39936K, 0% used [0x00000007b5600000,0x00000007b5600000,0x00000007b7d00000)
 ParOldGen       total 644608K, used 456016K [0x0000000780000000, 0x00000007a7580000, 0x00000007aab00000)
  object space 644608K, 70% used [0x0000000780000000,0x000000079bd542c0,0x00000007a7580000)
 Metaspace       used 58289K, capacity 60744K, committed 61080K, reserved 1101824K
  class space    used 7591K, capacity 8005K, committed 8088K, reserved 1048576K
}
Event: 295.099 GC heap before
{Heap before GC invocations=157 (full 15):
 PSYoungGen      total 133120K, used 132640K [0x00000007aab00000, 0x00000007b7d00000, 0x00000007c0000000)
  eden space 132608K, 100% used [0x00000007aab00000,0x00000007b2c80000,0x00000007b2c80000)
  from space 512K, 6% used [0x00000007b2c80000,0x00000007b2c88000,0x00000007b2d00000)
  to   space 39936K, 0% used [0x00000007b5600000,0x00000007b5600000,0x00000007b7d00000)
 ParOldGen       total 644608K, used 456016K [0x0000000780000000, 0x00000007a7580000, 0x00000007aab00000)
  object space 644608K, 70% used [0x0000000780000000,0x000000079bd542c0,0x00000007a7580000)
 Metaspace       used 58289K, capacity 60744K, committed 61080K, reserved 1101824K
  class space    used 7591K, capacity 8005K, committed 8088K, reserved 1048576K
Event: 295.104 GC heap after
Heap after GC invocations=157 (full 15):
 PSYoungGen      total 168960K, used 64K [0x00000007aab00000, 0x00000007b7780000, 0x00000007c0000000)
  eden space 134656K, 0% used [0x00000007aab00000,0x00000007aab00000,0x00000007b2e80000)
  from space 34304K, 0% used [0x00000007b5600000,0x00000007b5610000,0x00000007b7780000)
  to   space 37376K, 0% used [0x00000007b2e80000,0x00000007b2e80000,0x00000007b5300000)
 ParOldGen       total 644608K, used 456024K [0x0000000780000000, 0x00000007a7580000, 0x00000007aab00000)
  object space 644608K, 70% used [0x0000000780000000,0x000000079bd562c0,0x00000007a7580000)
 Metaspace       used 58289K, capacity 60744K, committed 61080K, reserved 1101824K
  class space    used 7591K, capacity 8005K, committed 8088K, reserved 1048576K
}
Event: 297.233 GC heap before
{Heap before GC invocations=158 (full 15):
 PSYoungGen      total 168960K, used 134720K [0x00000007aab00000, 0x00000007b7780000, 0x00000007c0000000)
  eden space 134656K, 100% used [0x00000007aab00000,0x00000007b2e80000,0x00000007b2e80000)
  from space 34304K, 0% used [0x00000007b5600000,0x00000007b5610000,0x00000007b7780000)
  to   space 37376K, 0% used [0x00000007b2e80000,0x00000007b2e80000,0x00000007b5300000)
 ParOldGen       total 644608K, used 456024K [0x0000000780000000, 0x00000007a7580000, 0x00000007aab00000)
  object space 644608K, 70% used [0x0000000780000000,0x000000079bd562c0,0x00000007a7580000)
 Metaspace       used 58289K, capacity 60744K, committed 61080K, reserved 1101824K
  class space    used 7591K, capacity 8005K, committed 8088K, reserved 1048576K
Event: 297.244 GC heap after
Heap after GC invocations=158 (full 15):
 PSYoungGen      total 135168K, used 64K [0x00000007aab00000, 0x00000007b7300000, 0x00000007c0000000)
  eden space 134656K, 0% used [0x00000007aab00000,0x00000007aab00000,0x00000007b2e80000)
  from space 512K, 12% used [0x00000007b2e80000,0x00000007b2e90000,0x00000007b2f00000)
  to   space 34304K, 0% used [0x00000007b5180000,0x00000007b5180000,0x00000007b7300000)
 ParOldGen       total 644608K, used 456032K [0x0000000780000000, 0x00000007a7580000, 0x00000007aab00000)
  object space 644608K, 70% used [0x0000000780000000,0x000000079bd582c0,0x00000007a7580000)
 Metaspace       used 58289K, capacity 60744K, committed 61080K, reserved 1101824K
  class space    used 7591K, capacity 8005K, committed 8088K, reserved 1048576K
}
Event: 299.619 GC heap before
{Heap before GC invocations=159 (full 15):
 PSYoungGen      total 135168K, used 134720K [0x00000007aab00000, 0x00000007b7300000, 0x00000007c0000000)
  eden space 134656K, 100% used [0x00000007aab00000,0x00000007b2e80000,0x00000007b2e80000)
  from space 512K, 12% used [0x00000007b2e80000,0x00000007b2e90000,0x00000007b2f00000)
  to   space 34304K, 0% used [0x00000007b5180000,0x00000007b5180000,0x00000007b7300000)
 ParOldGen       total 644608K, used 456032K [0x0000000780000000, 0x00000007a7580000, 0x00000007aab00000)
  object space 644608K, 70% used [0x0000000780000000,0x000000079bd582c0,0x00000007a7580000)
 Metaspace       used 58289K, capacity 60744K, committed 61080K, reserved 1101824K
  class space    used 7591K, capacity 8005K, committed 8088K, reserved 1048576K
Event: 299.624 GC heap after
Heap after GC invocations=159 (full 15):
 PSYoungGen      total 166400K, used 64K [0x00000007aab00000, 0x00000007b6f00000, 0x00000007c0000000)
  eden space 136192K, 0% used [0x00000007aab00000,0x00000007aab00000,0x00000007b3000000)
  from space 30208K, 0% used [0x00000007b5180000,0x00000007b5190000,0x00000007b6f00000)
  to   space 32256K, 0% used [0x00000007b3000000,0x00000007b3000000,0x00000007b4f80000)
 ParOldGen       total 644608K, used 456040K [0x0000000780000000, 0x00000007a7580000, 0x00000007aab00000)
  object space 644608K, 70% used [0x0000000780000000,0x000000079bd5a2c0,0x00000007a7580000)
 Metaspace       used 58289K, capacity 60744K, committed 61080K, reserved 1101824K
  class space    used 7591K, capacity 8005K, committed 8088K, reserved 1048576K
}

